<?xml version="1.0" encoding="UTF-8"?>
<!-- Generated by org.testng.reporters.JUnitXMLReporter -->
<testsuite hostname="welcome-PC" tests="7" failures="1" timestamp="7 Mar 2019 11:05:19 GMT" time="196.337" errors="0">
  <testcase name="SelectFlightDetails" time="3.688" classname="FlightFinderPageTest"/>
  <testcase name="SelectFlightDetails" time="2.726" classname="FlightFinderPageTest"/>
  <testcase name="loginatHomePage" time="2.061" classname="HomePageTest"/>
  <testcase name="loginatHomePage" time="1.91" classname="HomePageTest"/>
  <testcase name="registrationlinktest" time="1.175" classname="HomePageTest"/>
  <testcase name="VerifyRegistrationSuccess" time="4.674" classname="RegistrationPageTest"/>
  <testcase name="selectcheapestFlightTest" time="0.057" classname="SelectFlightPageTest">
    <failure type="java.lang.NullPointerException">
      <![CDATA[java.lang.NullPointerException
	at mercury.pages.SelectFlightPage.selectcheapestDeartureFlight(SelectFlightPage.java:21)
	at SelectFlightPageTest.selectcheapestFlightTest(SelectFlightPageTest.java:31)
	at org.apache.maven.surefire.testng.TestNGExecutor.run(TestNGExecutor.java:135)
	at org.apache.maven.surefire.testng.TestNGDirectoryTestSuite.executeMulti(TestNGDirectoryTestSuite.java:193)
	at org.apache.maven.surefire.testng.TestNGDirectoryTestSuite.execute(TestNGDirectoryTestSuite.java:94)
	at org.apache.maven.surefire.testng.TestNGProvider.invoke(TestNGProvider.java:146)
	at org.apache.maven.surefire.booter.ForkedBooter.invokeProviderInSameClassLoader(ForkedBooter.java:384)
	at org.apache.maven.surefire.booter.ForkedBooter.runSuitesInProcess(ForkedBooter.java:345)
	at org.apache.maven.surefire.booter.ForkedBooter.execute(ForkedBooter.java:126)
	at org.apache.maven.surefire.booter.ForkedBooter.main(ForkedBooter.java:418)
... Removed 21 stack frames]]>
    </failure>
  </testcase> <!-- selectcheapestFlightTest -->
</testsuite>
