-------------------------------------------------------------------------------
Test set: TestSuite
-------------------------------------------------------------------------------
Tests run: 7, Failures: 1, Errors: 0, Skipped: 0, Time elapsed: 202.103 s <<< FAILURE! - in TestSuite
selectcheapestFlightTest(SelectFlightPageTest)  Time elapsed: 0.326 s  <<< FAILURE!
java.lang.NullPointerException
	at SelectFlightPageTest.selectcheapestFlightTest(SelectFlightPageTest.java:31)

