<?xml version="1.0" encoding="UTF-8"?>
<testng-results skipped="0" failed="1" total="7" passed="6">
  <reporter-output>
  </reporter-output>
  <suite name="Surefire suite" duration-ms="196337" started-at="2019-03-07T11:02:01Z" finished-at="2019-03-07T11:05:18Z">
    <groups>
    </groups>
    <test name="Surefire test" duration-ms="196337" started-at="2019-03-07T11:02:01Z" finished-at="2019-03-07T11:05:18Z">
      <class name="SelectFlightPageTest">
        <test-method status="PASS" signature="setup()[pri:0, instance:SelectFlightPageTest@1624da6]" name="setup" is-config="true" duration-ms="22288" started-at="2019-03-07T16:34:55Z" finished-at="2019-03-07T16:35:18Z">
          <reporter-output>
          </reporter-output>
        </test-method> <!-- setup -->
        <test-method status="FAIL" signature="selectcheapestFlightTest()[pri:0, instance:SelectFlightPageTest@1624da6]" name="selectcheapestFlightTest" duration-ms="57" started-at="2019-03-07T16:35:18Z" finished-at="2019-03-07T16:35:18Z">
          <exception class="java.lang.NullPointerException">
            <full-stacktrace>
              <![CDATA[java.lang.NullPointerException
	at mercury.pages.SelectFlightPage.selectcheapestDeartureFlight(SelectFlightPage.java:21)
	at SelectFlightPageTest.selectcheapestFlightTest(SelectFlightPageTest.java:31)
	at sun.reflect.NativeMethodAccessorImpl.invoke0(Native Method)
	at sun.reflect.NativeMethodAccessorImpl.invoke(Unknown Source)
	at sun.reflect.DelegatingMethodAccessorImpl.invoke(Unknown Source)
	at java.lang.reflect.Method.invoke(Unknown Source)
	at org.testng.internal.MethodInvocationHelper.invokeMethod(MethodInvocationHelper.java:80)
	at org.testng.internal.Invoker.invokeMethod(Invoker.java:714)
	at org.testng.internal.Invoker.invokeTestMethod(Invoker.java:901)
	at org.testng.internal.Invoker.invokeTestMethods(Invoker.java:1231)
	at org.testng.internal.TestMethodWorker.invokeTestMethods(TestMethodWorker.java:127)
	at org.testng.internal.TestMethodWorker.run(TestMethodWorker.java:111)
	at org.testng.TestRunner.privateRun(TestRunner.java:767)
	at org.testng.TestRunner.run(TestRunner.java:617)
	at org.testng.SuiteRunner.runTest(SuiteRunner.java:334)
	at org.testng.SuiteRunner.runSequentially(SuiteRunner.java:329)
	at org.testng.SuiteRunner.privateRun(SuiteRunner.java:291)
	at org.testng.SuiteRunner.run(SuiteRunner.java:240)
	at org.testng.SuiteRunnerWorker.runSuite(SuiteRunnerWorker.java:52)
	at org.testng.SuiteRunnerWorker.run(SuiteRunnerWorker.java:86)
	at org.testng.TestNG.runSuitesSequentially(TestNG.java:1198)
	at org.testng.TestNG.runSuitesLocally(TestNG.java:1123)
	at org.testng.TestNG.run(TestNG.java:1031)
	at org.apache.maven.surefire.testng.TestNGExecutor.run(TestNGExecutor.java:135)
	at org.apache.maven.surefire.testng.TestNGDirectoryTestSuite.executeMulti(TestNGDirectoryTestSuite.java:193)
	at org.apache.maven.surefire.testng.TestNGDirectoryTestSuite.execute(TestNGDirectoryTestSuite.java:94)
	at org.apache.maven.surefire.testng.TestNGProvider.invoke(TestNGProvider.java:146)
	at org.apache.maven.surefire.booter.ForkedBooter.invokeProviderInSameClassLoader(ForkedBooter.java:384)
	at org.apache.maven.surefire.booter.ForkedBooter.runSuitesInProcess(ForkedBooter.java:345)
	at org.apache.maven.surefire.booter.ForkedBooter.execute(ForkedBooter.java:126)
	at org.apache.maven.surefire.booter.ForkedBooter.main(ForkedBooter.java:418)
]]>
            </full-stacktrace>
          </exception> <!-- java.lang.NullPointerException -->
          <reporter-output>
          </reporter-output>
        </test-method> <!-- selectcheapestFlightTest -->
      </class> <!-- SelectFlightPageTest -->
      <class name="RegistrationPageTest">
        <test-method status="PASS" signature="setup()[pri:0, instance:RegistrationPageTest@f9b8bc]" name="setup" is-config="true" duration-ms="9957" started-at="2019-03-07T16:34:40Z" finished-at="2019-03-07T16:34:50Z">
          <reporter-output>
          </reporter-output>
        </test-method> <!-- setup -->
        <test-method status="PASS" signature="VerifyRegistrationSuccess()[pri:0, instance:RegistrationPageTest@f9b8bc]" name="VerifyRegistrationSuccess" duration-ms="4674" started-at="2019-03-07T16:34:50Z" finished-at="2019-03-07T16:34:54Z">
          <reporter-output>
          </reporter-output>
        </test-method> <!-- VerifyRegistrationSuccess -->
        <test-method status="PASS" signature="teardown()[pri:0, instance:RegistrationPageTest@f9b8bc]" name="teardown" is-config="true" duration-ms="923" started-at="2019-03-07T16:34:54Z" finished-at="2019-03-07T16:34:55Z">
          <reporter-output>
          </reporter-output>
        </test-method> <!-- teardown -->
      </class> <!-- RegistrationPageTest -->
      <class name="FlightFinderPageTest">
        <test-method status="PASS" signature="setup()[pri:0, instance:FlightFinderPageTest@115b42e]" name="setup" is-config="true" duration-ms="39419" started-at="2019-03-07T16:32:05Z" finished-at="2019-03-07T16:32:45Z">
          <reporter-output>
          </reporter-output>
        </test-method> <!-- setup -->
        <test-method status="PASS" signature="SelectFlightDetails(java.lang.String, java.lang.String, java.lang.String, java.lang.String, java.lang.String, java.lang.String, java.lang.String, java.lang.String, java.lang.String, java.lang.String)[pri:0, instance:FlightFinderPageTest@115b42e]" name="SelectFlightDetails" duration-ms="3688" started-at="2019-03-07T16:32:45Z" data-provider="getflightDetails" finished-at="2019-03-07T16:32:48Z">
          <params>
            <param index="0">
              <value>
                <![CDATA[R]]>
              </value>
            </param>
            <param index="1">
              <value>
                <![CDATA[1.0]]>
              </value>
            </param>
            <param index="2">
              <value>
                <![CDATA[London]]>
              </value>
            </param>
            <param index="3">
              <value>
                <![CDATA[March]]>
              </value>
            </param>
            <param index="4">
              <value>
                <![CDATA[10.0]]>
              </value>
            </param>
            <param index="5">
              <value>
                <![CDATA[Portland]]>
              </value>
            </param>
            <param index="6">
              <value>
                <![CDATA[April]]>
              </value>
            </param>
            <param index="7">
              <value>
                <![CDATA[4.0]]>
              </value>
            </param>
            <param index="8">
              <value>
                <![CDATA[E]]>
              </value>
            </param>
            <param index="9">
              <value>
                <![CDATA[No Preference]]>
              </value>
            </param>
          </params>
          <reporter-output>
          </reporter-output>
        </test-method> <!-- SelectFlightDetails -->
        <test-method status="PASS" signature="setup()[pri:0, instance:FlightFinderPageTest@115b42e]" name="setup" is-config="true" duration-ms="44646" started-at="2019-03-07T16:32:48Z" finished-at="2019-03-07T16:33:33Z">
          <reporter-output>
          </reporter-output>
        </test-method> <!-- setup -->
        <test-method status="PASS" signature="SelectFlightDetails(java.lang.String, java.lang.String, java.lang.String, java.lang.String, java.lang.String, java.lang.String, java.lang.String, java.lang.String, java.lang.String, java.lang.String)[pri:0, instance:FlightFinderPageTest@115b42e]" name="SelectFlightDetails" duration-ms="2726" started-at="2019-03-07T16:33:33Z" data-provider="getflightDetails" finished-at="2019-03-07T16:33:36Z">
          <params>
            <param index="0">
              <value>
                <![CDATA[O]]>
              </value>
            </param>
            <param index="1">
              <value>
                <![CDATA[2.0]]>
              </value>
            </param>
            <param index="2">
              <value>
                <![CDATA[Paris]]>
              </value>
            </param>
            <param index="3">
              <value>
                <![CDATA[April]]>
              </value>
            </param>
            <param index="4">
              <value>
                <![CDATA[15.0]]>
              </value>
            </param>
            <param index="5">
              <value>
                <![CDATA[Sydney]]>
              </value>
            </param>
            <param index="6">
              <value>
                <![CDATA[May]]>
              </value>
            </param>
            <param index="7">
              <value>
                <![CDATA[8.0]]>
              </value>
            </param>
            <param index="8">
              <value>
                <![CDATA[B]]>
              </value>
            </param>
            <param index="9">
              <value>
                <![CDATA[Blue Skies Airlines]]>
              </value>
            </param>
          </params>
          <reporter-output>
          </reporter-output>
        </test-method> <!-- SelectFlightDetails -->
      </class> <!-- FlightFinderPageTest -->
      <class name="HomePageTest">
        <test-method status="PASS" signature="setup()[pri:0, instance:HomePageTest@d3bd8b]" name="setup" is-config="true" duration-ms="29276" started-at="2019-03-07T16:33:36Z" finished-at="2019-03-07T16:34:05Z">
          <reporter-output>
          </reporter-output>
        </test-method> <!-- setup -->
        <test-method status="PASS" signature="loginatHomePage(java.lang.String, java.lang.String)[pri:0, instance:HomePageTest@d3bd8b]" name="loginatHomePage" duration-ms="2061" started-at="2019-03-07T16:34:05Z" data-provider="getTestData" finished-at="2019-03-07T16:34:07Z">
          <params>
            <param index="0">
              <value>
                <![CDATA[Amma]]>
              </value>
            </param>
            <param index="1">
              <value>
                <![CDATA[pandu]]>
              </value>
            </param>
          </params>
          <reporter-output>
          </reporter-output>
        </test-method> <!-- loginatHomePage -->
        <test-method status="PASS" signature="teardown()[pri:0, instance:HomePageTest@d3bd8b]" name="teardown" is-config="true" duration-ms="1211" started-at="2019-03-07T16:34:07Z" finished-at="2019-03-07T16:34:09Z">
          <reporter-output>
          </reporter-output>
        </test-method> <!-- teardown -->
        <test-method status="PASS" signature="setup()[pri:0, instance:HomePageTest@d3bd8b]" name="setup" is-config="true" duration-ms="13319" started-at="2019-03-07T16:34:09Z" finished-at="2019-03-07T16:34:22Z">
          <reporter-output>
          </reporter-output>
        </test-method> <!-- setup -->
        <test-method status="PASS" signature="loginatHomePage(java.lang.String, java.lang.String)[pri:0, instance:HomePageTest@d3bd8b]" name="loginatHomePage" duration-ms="1910" started-at="2019-03-07T16:34:22Z" data-provider="getTestData" finished-at="2019-03-07T16:34:24Z">
          <params>
            <param index="0">
              <value>
                <![CDATA[q]]>
              </value>
            </param>
            <param index="1">
              <value>
                <![CDATA[pandu]]>
              </value>
            </param>
          </params>
          <reporter-output>
          </reporter-output>
        </test-method> <!-- loginatHomePage -->
        <test-method status="PASS" signature="teardown()[pri:0, instance:HomePageTest@d3bd8b]" name="teardown" is-config="true" duration-ms="1292" started-at="2019-03-07T16:34:24Z" finished-at="2019-03-07T16:34:25Z">
          <reporter-output>
          </reporter-output>
        </test-method> <!-- teardown -->
        <test-method status="PASS" signature="setup()[pri:0, instance:HomePageTest@d3bd8b]" name="setup" is-config="true" duration-ms="12512" started-at="2019-03-07T16:34:25Z" finished-at="2019-03-07T16:34:38Z">
          <reporter-output>
          </reporter-output>
        </test-method> <!-- setup -->
        <test-method status="PASS" signature="registrationlinktest()[pri:0, instance:HomePageTest@d3bd8b]" name="registrationlinktest" duration-ms="1175" started-at="2019-03-07T16:34:38Z" finished-at="2019-03-07T16:34:39Z">
          <reporter-output>
          </reporter-output>
        </test-method> <!-- registrationlinktest -->
        <test-method status="PASS" signature="teardown()[pri:0, instance:HomePageTest@d3bd8b]" name="teardown" is-config="true" duration-ms="913" started-at="2019-03-07T16:34:39Z" finished-at="2019-03-07T16:34:40Z">
          <reporter-output>
          </reporter-output>
        </test-method> <!-- teardown -->
      </class> <!-- HomePageTest -->
    </test> <!-- Surefire test -->
  </suite> <!-- Surefire suite -->
</testng-results>
