<?xml version="1.0" encoding="UTF-8"?>
<!-- Generated by org.testng.reporters.JUnitXMLReporter -->
<testsuite hostname="welcome-PC" ignored="0" tests="7" failures="1" timestamp="06 Mar 2019 12:02:55 GMT" time="212.619" errors="0">
  <testcase name="SelectFlightDetails" time="3.018" classname="FlightFinderPageTest"/>
  <testcase name="SelectFlightDetails" time="2.497" classname="FlightFinderPageTest"/>
  <testcase name="VerifyRegistrationSuccess" time="34.696" classname="RegistrationPageTest"/>
  <testcase name="selectcheapestFlightTest" time="0.06" classname="SelectFlightPageTest">
    <failure type="java.lang.NullPointerException">
      <![CDATA[java.lang.NullPointerException
at mercury.pages.SelectFlightPage.selectcheapestDeartureFlight(SelectFlightPage.java:21)
at SelectFlightPageTest.selectcheapestFlightTest(SelectFlightPageTest.java:31)
... Removed 25 stack frames]]>
    </failure>
  </testcase> <!-- selectcheapestFlightTest -->
  <testcase name="loginatHomePage" time="2.082" classname="HomePageTest"/>
  <testcase name="loginatHomePage" time="1.831" classname="HomePageTest"/>
  <testcase name="registrationlinktest" time="0.921" classname="HomePageTest"/>
</testsuite>
